New log file opened at Fri Feb 19 15:15:44 PST 2016 by 8421@Weis-MBP.sv.cmu.local
Sending msg to client play-fork-run-d15395bd-377b-4bfe-8dc3-80e2c649e28b: DetachedLogEvent(LogMessage(debug,sbt server socket logs are in: /Users/weiwang/JPL-WebService/climate-service/.sbtserver/connections/master.log))
Sending msg to client play-fork-run-d15395bd-377b-4bfe-8dc3-80e2c649e28b: DetachedLogEvent(LogMessage(debug,sbt general server logs are in: /Users/weiwang/JPL-WebService/climate-service/.sbtserver/master.log))
Sending msg to client play-fork-run-d15395bd-377b-4bfe-8dc3-80e2c649e28b: DetachedLogEvent(LogMessage(debug,sbt client logs are in: /Users/weiwang/JPL-WebService/climate-service/.sbtserver/connections/play-fork-run-d15395bd-377b-4bfe-8dc3-80e2c649e28b.log))
Reading next message from client.
Got request: DaemonRequest(true)
Reading next message from client.
Sending msg to client play-fork-run-d15395bd-377b-4bfe-8dc3-80e2c649e28b: (3,ReceivedResponse())
Got request: ListenToEvents()
Reading next message from client.
Sending msg to client play-fork-run-d15395bd-377b-4bfe-8dc3-80e2c649e28b: BackgroundJobStarted(5,BackgroundJobInfo(1,backgroundRun,AttributeKey[sbt.BackgroundJobHandle]("backgroundRun") in Scope(Build: file:/Users/weiwang/JPL-WebService/climate-service/, , Project: ProjectReference(file:/Users/weiwang/JPL-WebService/climate-service/,root), Config: compile)))
Sending msg to client play-fork-run-d15395bd-377b-4bfe-8dc3-80e2c649e28b: (4,ReceivedResponse())
Got request: KeyLookupRequest(root/playForkConfig)
Reading next message from client.
Sending msg to client play-fork-run-d15395bd-377b-4bfe-8dc3-80e2c649e28b: (5,KeyLookupResponse(root/playForkConfig,Vector(AttributeKey[play.forkrun.protocol.ForkConfig]("playForkConfig") in Scope(Build: file:/Users/weiwang/JPL-WebService/climate-service/, , Project: ProjectReference(file:/Users/weiwang/JPL-WebService/climate-service/,root)))))
Got request: ListenToValue(AttributeKey[play.forkrun.protocol.ForkConfig]("playForkConfig") in Scope(Build: file:/Users/weiwang/JPL-WebService/climate-service/, , Project: ProjectReference(file:/Users/weiwang/JPL-WebService/climate-service/,root)))
Reading next message from client.
Sending msg to client play-fork-run-d15395bd-377b-4bfe-8dc3-80e2c649e28b: (6,ReceivedResponse())
Got request: KeyExecutionRequest(AttributeKey[play.forkrun.protocol.ForkConfig]("playForkConfig") in Scope(Build: file:/Users/weiwang/JPL-WebService/climate-service/, , Project: ProjectReference(file:/Users/weiwang/JPL-WebService/climate-service/,root)))
Reading next message from client.
Sending msg to client play-fork-run-d15395bd-377b-4bfe-8dc3-80e2c649e28b: (7,ExecutionRequestReceived(6))
Sending msg to client play-fork-run-d15395bd-377b-4bfe-8dc3-80e2c649e28b: ExecutionWaiting(6,{file:/Users/weiwang/JPL-WebService/climate-service/}root/*:playForkConfig,ClientInfo(d15395bd-377b-4bfe-8dc3-80e2c649e28b,play-fork-run,Play Fork Run,1,Vector()))
Sending msg to client play-fork-run-d15395bd-377b-4bfe-8dc3-80e2c649e28b: ExecutionStarting(6)
Sending msg to client play-fork-run-d15395bd-377b-4bfe-8dc3-80e2c649e28b: DetachedLogEvent(LogMessage(debug,> {file:/Users/weiwang/JPL-WebService/climate-service/}root/*:playForkConfig))
Sending msg to client play-fork-run-d15395bd-377b-4bfe-8dc3-80e2c649e28b: DetachedLogEvent(LogMessage(debug,Evaluating tasks: *:playForkConfig))
Sending msg to client play-fork-run-d15395bd-377b-4bfe-8dc3-80e2c649e28b: DetachedLogEvent(LogMessage(debug,Running task... Cancel: sbt.server.ServerTaskCancellation@5908d635, check cycles: false))
Sending msg to client play-fork-run-d15395bd-377b-4bfe-8dc3-80e2c649e28b: DetachedLogEvent(LogMessage(debug,cancel strategy start enabled=true lastCommand=Some(LastCommand(CommandExecutionWork(ExecutionId(6),{file:/Users/weiwang/JPL-WebService/climate-service/}root/*:playForkConfig,Set(LiveClient(play-fork-run d15395bd-377b-4bfe-8dc3-80e2c649e28b)),sbt.server.WorkCancellationStatus$$anon$1@49e2e147)))))
Sending msg to client play-fork-run-d15395bd-377b-4bfe-8dc3-80e2c649e28b: TaskStarted(6,298,Some(AttributeKey[scala.collection.Seq[java.lang.String]]("javaOptions") in Scope(Global)))
Sending msg to client play-fork-run-d15395bd-377b-4bfe-8dc3-80e2c649e28b: TaskStarted(6,303,None)
Sending msg to client play-fork-run-d15395bd-377b-4bfe-8dc3-80e2c649e28b: TaskStarted(6,308,None)
Sending msg to client play-fork-run-d15395bd-377b-4bfe-8dc3-80e2c649e28b: TaskStarted(6,315,Some(AttributeKey[scala.collection.Seq[sbt.Credentials]]("credentials") in Scope(Global)))
Sending msg to client play-fork-run-d15395bd-377b-4bfe-8dc3-80e2c649e28b: TaskStarted(6,323,None)
Sending msg to client play-fork-run-d15395bd-377b-4bfe-8dc3-80e2c649e28b: TaskStarted(6,324,Some(AttributeKey[scala.Option[scala.collection.Seq[sbt.Resolver]]]("bootResolvers") in Scope(Build: file:/Users/weiwang/JPL-WebService/climate-service/, , Project: ProjectReference(file:/Users/weiwang/JPL-WebService/climate-service/,root))))
Sending msg to client play-fork-run-d15395bd-377b-4bfe-8dc3-80e2c649e28b: TaskStarted(6,325,Some(AttributeKey[scala.collection.Seq[sbt.Resolver]]("externalResolvers") in Scope(Build: file:/Users/weiwang/JPL-WebService/climate-service/, , Project: ProjectReference(file:/Users/weiwang/JPL-WebService/climate-service/,root))))
Sending msg to client play-fork-run-d15395bd-377b-4bfe-8dc3-80e2c649e28b: TaskStarted(6,332,Some(AttributeKey[scala.Option[java.lang.String]]("echoTraceAkkaVersion") in Scope(Build: file:/Users/weiwang/JPL-WebService/climate-service/, , Project: ProjectReference(file:/Users/weiwang/JPL-WebService/climate-service/,root), Config: echo)))
Sending msg to client play-fork-run-d15395bd-377b-4bfe-8dc3-80e2c649e28b: TaskStarted(6,333,Some(AttributeKey[boolean]("skip") in Scope(Global)))
Sending msg to client play-fork-run-d15395bd-377b-4bfe-8dc3-80e2c649e28b: TaskStarted(6,335,None)
Sending msg to client play-fork-run-d15395bd-377b-4bfe-8dc3-80e2c649e28b: TaskStarted(6,336,Some(AttributeKey[java.lang.String]("updateCacheName") in Scope(Build: file:/Users/weiwang/JPL-WebService/climate-service/, , Project: ProjectReference(file:/Users/weiwang/JPL-WebService/climate-service/,root))))
Sending msg to client play-fork-run-d15395bd-377b-4bfe-8dc3-80e2c649e28b: TaskStarted(6,337,None)
Sending msg to client play-fork-run-d15395bd-377b-4bfe-8dc3-80e2c649e28b: TaskStarted(6,343,None)
Sending msg to client play-fork-run-d15395bd-377b-4bfe-8dc3-80e2c649e28b: TaskStarted(6,344,None)
Sending msg to client play-fork-run-d15395bd-377b-4bfe-8dc3-80e2c649e28b: TaskStarted(6,351,Some(AttributeKey[scala.Tuple2[java.lang.String,java.io.File]]("playPrefixAndAssets") in Scope(Build: file:/Users/weiwang/JPL-WebService/climate-service/, , Project: ProjectReference(file:/Users/weiwang/JPL-WebService/climate-service/,root))))
Sending msg to client play-fork-run-d15395bd-377b-4bfe-8dc3-80e2c649e28b: TaskFinished(6,298,Some(AttributeKey[scala.collection.Seq[java.lang.String]]("javaOptions") in Scope(Global)),true,None)
Sending msg to client play-fork-run-d15395bd-377b-4bfe-8dc3-80e2c649e28b: TaskFinished(6,303,None,true,None)
Sending msg to client play-fork-run-d15395bd-377b-4bfe-8dc3-80e2c649e28b: TaskStarted(6,302,None)
Sending msg to client play-fork-run-d15395bd-377b-4bfe-8dc3-80e2c649e28b: TaskStarted(6,310,None)
Sending msg to client play-fork-run-d15395bd-377b-4bfe-8dc3-80e2c649e28b: TaskStarted(6,314,None)
Sending msg to client play-fork-run-d15395bd-377b-4bfe-8dc3-80e2c649e28b: TaskStarted(6,320,None)
Sending msg to client play-fork-run-d15395bd-377b-4bfe-8dc3-80e2c649e28b: TaskStarted(6,326,None)
Sending msg to client play-fork-run-d15395bd-377b-4bfe-8dc3-80e2c649e28b: TaskStarted(6,341,None)
Sending msg to client play-fork-run-d15395bd-377b-4bfe-8dc3-80e2c649e28b: TaskStarted(6,347,None)
Sending msg to client play-fork-run-d15395bd-377b-4bfe-8dc3-80e2c649e28b: TaskStarted(6,348,None)
Sending msg to client play-fork-run-d15395bd-377b-4bfe-8dc3-80e2c649e28b: TaskFinished(6,308,None,true,None)
Sending msg to client play-fork-run-d15395bd-377b-4bfe-8dc3-80e2c649e28b: TaskFinished(6,315,Some(AttributeKey[scala.collection.Seq[sbt.Credentials]]("credentials") in Scope(Global)),true,None)
Sending msg to client play-fork-run-d15395bd-377b-4bfe-8dc3-80e2c649e28b: TaskFinished(6,323,None,true,None)
Sending msg to client play-fork-run-d15395bd-377b-4bfe-8dc3-80e2c649e28b: TaskStarted(6,322,Some(AttributeKey[sbt.BuildStructure]("buildStructure") in Scope(Global)))
Sending msg to client play-fork-run-d15395bd-377b-4bfe-8dc3-80e2c649e28b: TaskStarted(6,338,Some(AttributeKey[java.io.File]("dependencyCacheDirectory") in Scope(Build: file:/Users/weiwang/JPL-WebService/climate-service/, , Project: ProjectReference(file:/Users/weiwang/JPL-WebService/climate-service/,root))))
Sending msg to client play-fork-run-d15395bd-377b-4bfe-8dc3-80e2c649e28b: TaskStarted(6,354,Some(AttributeKey[scala.collection.Seq[java.lang.String]]("playMonitoredFiles") in Scope(Build: file:/Users/weiwang/JPL-WebService/climate-service/, , Project: ProjectReference(file:/Users/weiwang/JPL-WebService/climate-service/,root))))
Sending msg to client play-fork-run-d15395bd-377b-4bfe-8dc3-80e2c649e28b: TaskFinished(6,324,Some(AttributeKey[scala.Option[scala.collection.Seq[sbt.Resolver]]]("bootResolvers") in Scope(Build: file:/Users/weiwang/JPL-WebService/climate-service/, , Project: ProjectReference(file:/Users/weiwang/JPL-WebService/climate-service/,root))),true,None)
Sending msg to client play-fork-run-d15395bd-377b-4bfe-8dc3-80e2c649e28b: TaskFinished(6,325,Some(AttributeKey[scala.collection.Seq[sbt.Resolver]]("externalResolvers") in Scope(Build: file:/Users/weiwang/JPL-WebService/climate-service/, , Project: ProjectReference(file:/Users/weiwang/JPL-WebService/climate-service/,root))),true,None)
Sending msg to client play-fork-run-d15395bd-377b-4bfe-8dc3-80e2c649e28b: TaskFinished(6,332,Some(AttributeKey[scala.Option[java.lang.String]]("echoTraceAkkaVersion") in Scope(Build: file:/Users/weiwang/JPL-WebService/climate-service/, , Project: ProjectReference(file:/Users/weiwang/JPL-WebService/climate-service/,root), Config: echo)),true,None)
Sending msg to client play-fork-run-d15395bd-377b-4bfe-8dc3-80e2c649e28b: TaskStarted(6,331,Some(AttributeKey[scala.collection.Seq[sbt.ModuleID]]("echoTraceDependencies") in Scope(Build: file:/Users/weiwang/JPL-WebService/climate-service/, , Project: ProjectReference(file:/Users/weiwang/JPL-WebService/climate-service/,root), Config: echo)))
Sending msg to client play-fork-run-d15395bd-377b-4bfe-8dc3-80e2c649e28b: TaskFinished(6,333,Some(AttributeKey[boolean]("skip") in Scope(Global)),true,None)
Sending msg to client play-fork-run-d15395bd-377b-4bfe-8dc3-80e2c649e28b: TaskFinished(6,335,None,true,None)
Sending msg to client play-fork-run-d15395bd-377b-4bfe-8dc3-80e2c649e28b: TaskFinished(6,336,Some(AttributeKey[java.lang.String]("updateCacheName") in Scope(Build: file:/Users/weiwang/JPL-WebService/climate-service/, , Project: ProjectReference(file:/Users/weiwang/JPL-WebService/climate-service/,root))),true,None)
Sending msg to client play-fork-run-d15395bd-377b-4bfe-8dc3-80e2c649e28b: TaskFinished(6,337,None,true,None)
Sending msg to client play-fork-run-d15395bd-377b-4bfe-8dc3-80e2c649e28b: TaskFinished(6,343,None,true,None)
Sending msg to client play-fork-run-d15395bd-377b-4bfe-8dc3-80e2c649e28b: TaskFinished(6,344,None,true,None)
Sending msg to client play-fork-run-d15395bd-377b-4bfe-8dc3-80e2c649e28b: TaskStarted(6,342,Some(AttributeKey[scala.collection.Seq[sbt.UpdateReport]]("transitiveUpdate") in Scope(Build: file:/Users/weiwang/JPL-WebService/climate-service/, , Project: ProjectReference(file:/Users/weiwang/JPL-WebService/climate-service/,root))))
Sending msg to client play-fork-run-d15395bd-377b-4bfe-8dc3-80e2c649e28b: TaskFinished(6,351,Some(AttributeKey[scala.Tuple2[java.lang.String,java.io.File]]("playPrefixAndAssets") in Scope(Build: file:/Users/weiwang/JPL-WebService/climate-service/, , Project: ProjectReference(file:/Users/weiwang/JPL-WebService/climate-service/,root))),true,None)
Sending msg to client play-fork-run-d15395bd-377b-4bfe-8dc3-80e2c649e28b: TaskStarted(6,353,None)
Sending msg to client play-fork-run-d15395bd-377b-4bfe-8dc3-80e2c649e28b: TaskFinished(6,302,None,true,None)
Sending msg to client play-fork-run-d15395bd-377b-4bfe-8dc3-80e2c649e28b: TaskFinished(6,310,None,true,None)
Sending msg to client play-fork-run-d15395bd-377b-4bfe-8dc3-80e2c649e28b: TaskFinished(6,314,None,true,None)
Sending msg to client play-fork-run-d15395bd-377b-4bfe-8dc3-80e2c649e28b: TaskFinished(6,320,None,true,None)
Sending msg to client play-fork-run-d15395bd-377b-4bfe-8dc3-80e2c649e28b: TaskFinished(6,326,None,true,None)
Sending msg to client play-fork-run-d15395bd-377b-4bfe-8dc3-80e2c649e28b: TaskFinished(6,341,None,true,None)
Sending msg to client play-fork-run-d15395bd-377b-4bfe-8dc3-80e2c649e28b: TaskStarted(6,340,Some(AttributeKey[scala.collection.immutable.Map[sbt.ModuleID,sbt.SourcePosition]]("dependencyPositions") in Scope(Build: file:/Users/weiwang/JPL-WebService/climate-service/, , Project: ProjectReference(file:/Users/weiwang/JPL-WebService/climate-service/,root))))
Sending msg to client play-fork-run-d15395bd-377b-4bfe-8dc3-80e2c649e28b: TaskFinished(6,347,None,true,None)
Sending msg to client play-fork-run-d15395bd-377b-4bfe-8dc3-80e2c649e28b: TaskFinished(6,348,None,true,None)
Sending msg to client play-fork-run-d15395bd-377b-4bfe-8dc3-80e2c649e28b: TaskFinished(6,322,Some(AttributeKey[sbt.BuildStructure]("buildStructure") in Scope(Global)),true,None)
Sending msg to client play-fork-run-d15395bd-377b-4bfe-8dc3-80e2c649e28b: TaskStarted(6,321,Some(AttributeKey[sbt.Settings[sbt.Scope]]("settingsData") in Scope(Global)))
Sending msg to client play-fork-run-d15395bd-377b-4bfe-8dc3-80e2c649e28b: TaskFinished(6,338,Some(AttributeKey[java.io.File]("dependencyCacheDirectory") in Scope(Build: file:/Users/weiwang/JPL-WebService/climate-service/, , Project: ProjectReference(file:/Users/weiwang/JPL-WebService/climate-service/,root))),true,None)
Sending msg to client play-fork-run-d15395bd-377b-4bfe-8dc3-80e2c649e28b: TaskFinished(6,331,Some(AttributeKey[scala.collection.Seq[sbt.ModuleID]]("echoTraceDependencies") in Scope(Build: file:/Users/weiwang/JPL-WebService/climate-service/, , Project: ProjectReference(file:/Users/weiwang/JPL-WebService/climate-service/,root), Config: echo)),true,None)
Sending msg to client play-fork-run-d15395bd-377b-4bfe-8dc3-80e2c649e28b: TaskFinished(6,342,Some(AttributeKey[scala.collection.Seq[sbt.UpdateReport]]("transitiveUpdate") in Scope(Build: file:/Users/weiwang/JPL-WebService/climate-service/, , Project: ProjectReference(file:/Users/weiwang/JPL-WebService/climate-service/,root))),true,None)
Sending msg to client play-fork-run-d15395bd-377b-4bfe-8dc3-80e2c649e28b: TaskFinished(6,353,None,true,None)
Sending msg to client play-fork-run-d15395bd-377b-4bfe-8dc3-80e2c649e28b: TaskStarted(6,352,None)
Sending msg to client play-fork-run-d15395bd-377b-4bfe-8dc3-80e2c649e28b: TaskFinished(6,354,Some(AttributeKey[scala.collection.Seq[java.lang.String]]("playMonitoredFiles") in Scope(Build: file:/Users/weiwang/JPL-WebService/climate-service/, , Project: ProjectReference(file:/Users/weiwang/JPL-WebService/climate-service/,root))),true,None)
Sending msg to client play-fork-run-d15395bd-377b-4bfe-8dc3-80e2c649e28b: TaskFinished(6,340,Some(AttributeKey[scala.collection.immutable.Map[sbt.ModuleID,sbt.SourcePosition]]("dependencyPositions") in Scope(Build: file:/Users/weiwang/JPL-WebService/climate-service/, , Project: ProjectReference(file:/Users/weiwang/JPL-WebService/climate-service/,root))),true,None)
Sending msg to client play-fork-run-d15395bd-377b-4bfe-8dc3-80e2c649e28b: TaskStarted(6,339,Some(AttributeKey[sbt.UnresolvedWarningConfiguration]("unresolvedWarningConfiguration") in Scope(Build: file:/Users/weiwang/JPL-WebService/climate-service/, , Project: ProjectReference(file:/Users/weiwang/JPL-WebService/climate-service/,root), Task: AttributeKey[sbt.UpdateReport]("update"))))
Sending msg to client play-fork-run-d15395bd-377b-4bfe-8dc3-80e2c649e28b: TaskFinished(6,321,Some(AttributeKey[sbt.Settings[sbt.Scope]]("settingsData") in Scope(Global)),true,None)
Sending msg to client play-fork-run-d15395bd-377b-4bfe-8dc3-80e2c649e28b: TaskStarted(6,319,Some(AttributeKey[scala.collection.immutable.Map[org.apache.ivy.core.module.id.ModuleRevisionId,org.apache.ivy.core.module.descriptor.ModuleDescriptor]]("projectDescriptors") in Scope(Build: file:/Users/weiwang/JPL-WebService/climate-service/, , Project: ProjectReference(file:/Users/weiwang/JPL-WebService/climate-service/,root))))
Sending msg to client play-fork-run-d15395bd-377b-4bfe-8dc3-80e2c649e28b: TaskStarted(6,330,Some(AttributeKey[scala.collection.Seq[sbt.ModuleID]]("projectDependencies") in Scope(Build: file:/Users/weiwang/JPL-WebService/climate-service/, , Project: ProjectReference(file:/Users/weiwang/JPL-WebService/climate-service/,root))))
Sending msg to client play-fork-run-d15395bd-377b-4bfe-8dc3-80e2c649e28b: TaskStarted(6,334,None)
Sending msg to client play-fork-run-d15395bd-377b-4bfe-8dc3-80e2c649e28b: TaskStarted(6,346,None)
Sending msg to client play-fork-run-d15395bd-377b-4bfe-8dc3-80e2c649e28b: TaskFinished(6,352,None,true,None)
Sending msg to client play-fork-run-d15395bd-377b-4bfe-8dc3-80e2c649e28b: TaskStarted(6,350,Some(AttributeKey[scala.collection.Seq[scala.Tuple2[java.lang.String,java.io.File]]]("playAllAssets") in Scope(Build: file:/Users/weiwang/JPL-WebService/climate-service/, , Project: ProjectReference(file:/Users/weiwang/JPL-WebService/climate-service/,root))))
Sending msg to client play-fork-run-d15395bd-377b-4bfe-8dc3-80e2c649e28b: TaskFinished(6,339,Some(AttributeKey[sbt.UnresolvedWarningConfiguration]("unresolvedWarningConfiguration") in Scope(Build: file:/Users/weiwang/JPL-WebService/climate-service/, , Project: ProjectReference(file:/Users/weiwang/JPL-WebService/climate-service/,root), Task: AttributeKey[sbt.UpdateReport]("update"))),true,None)
Sending msg to client play-fork-run-d15395bd-377b-4bfe-8dc3-80e2c649e28b: TaskStarted(6,355,None)
Sending msg to client play-fork-run-d15395bd-377b-4bfe-8dc3-80e2c649e28b: TaskStarted(6,359,None)
Sending msg to client play-fork-run-d15395bd-377b-4bfe-8dc3-80e2c649e28b: TaskStarted(6,360,None)
Sending msg to client play-fork-run-d15395bd-377b-4bfe-8dc3-80e2c649e28b: TaskStarted(6,363,None)
Sending msg to client play-fork-run-d15395bd-377b-4bfe-8dc3-80e2c649e28b: TaskStarted(6,364,None)
Sending msg to client play-fork-run-d15395bd-377b-4bfe-8dc3-80e2c649e28b: TaskStarted(6,366,None)
Sending msg to client play-fork-run-d15395bd-377b-4bfe-8dc3-80e2c649e28b: TaskStarted(6,368,None)
Sending msg to client play-fork-run-d15395bd-377b-4bfe-8dc3-80e2c649e28b: TaskFinished(6,330,Some(AttributeKey[scala.collection.Seq[sbt.ModuleID]]("projectDependencies") in Scope(Build: file:/Users/weiwang/JPL-WebService/climate-service/, , Project: ProjectReference(file:/Users/weiwang/JPL-WebService/climate-service/,root))),true,None)
Sending msg to client play-fork-run-d15395bd-377b-4bfe-8dc3-80e2c649e28b: TaskStarted(6,329,Some(AttributeKey[scala.collection.Seq[sbt.ModuleID]]("allDependencies") in Scope(Build: file:/Users/weiwang/JPL-WebService/climate-service/, , Project: ProjectReference(file:/Users/weiwang/JPL-WebService/climate-service/,root))))
Sending msg to client play-fork-run-d15395bd-377b-4bfe-8dc3-80e2c649e28b: TaskFinished(6,350,Some(AttributeKey[scala.collection.Seq[scala.Tuple2[java.lang.String,java.io.File]]]("playAllAssets") in Scope(Build: file:/Users/weiwang/JPL-WebService/climate-service/, , Project: ProjectReference(file:/Users/weiwang/JPL-WebService/climate-service/,root))),true,None)
Sending msg to client play-fork-run-d15395bd-377b-4bfe-8dc3-80e2c649e28b: TaskFinished(6,355,None,true,None)
Sending msg to client play-fork-run-d15395bd-377b-4bfe-8dc3-80e2c649e28b: TaskFinished(6,334,None,true,None)
Sending msg to client play-fork-run-d15395bd-377b-4bfe-8dc3-80e2c649e28b: TaskFinished(6,360,None,true,None)
Sending msg to client play-fork-run-d15395bd-377b-4bfe-8dc3-80e2c649e28b: TaskFinished(6,359,None,true,None)
Sending msg to client play-fork-run-d15395bd-377b-4bfe-8dc3-80e2c649e28b: TaskStarted(6,358,Some(AttributeKey[scala.collection.Seq[sbt.Attributed[java.io.File]]]("unmanagedJars") in Scope(Build: file:/Users/weiwang/JPL-WebService/climate-service/, , Project: ProjectReference(file:/Users/weiwang/JPL-WebService/climate-service/,root), Config: runtime)))
Sending msg to client play-fork-run-d15395bd-377b-4bfe-8dc3-80e2c649e28b: TaskFinished(6,363,None,true,None)
Sending msg to client play-fork-run-d15395bd-377b-4bfe-8dc3-80e2c649e28b: TaskFinished(6,364,None,true,None)
Sending msg to client play-fork-run-d15395bd-377b-4bfe-8dc3-80e2c649e28b: TaskStarted(6,362,Some(AttributeKey[scala.collection.Seq[sbt.Attributed[java.io.File]]]("unmanagedJars") in Scope(Build: file:/Users/weiwang/JPL-WebService/climate-service/, , Project: ProjectReference(file:/Users/weiwang/JPL-WebService/climate-service/,root), Config: compile)))
Sending msg to client play-fork-run-d15395bd-377b-4bfe-8dc3-80e2c649e28b: TaskFinished(6,366,None,true,None)
Sending msg to client play-fork-run-d15395bd-377b-4bfe-8dc3-80e2c649e28b: TaskStarted(6,365,None)
Sending msg to client play-fork-run-d15395bd-377b-4bfe-8dc3-80e2c649e28b: TaskFinished(6,368,None,true,None)
Sending msg to client play-fork-run-d15395bd-377b-4bfe-8dc3-80e2c649e28b: TaskStarted(6,367,None)
Sending msg to client play-fork-run-d15395bd-377b-4bfe-8dc3-80e2c649e28b: TaskFinished(6,329,Some(AttributeKey[scala.collection.Seq[sbt.ModuleID]]("allDependencies") in Scope(Build: file:/Users/weiwang/JPL-WebService/climate-service/, , Project: ProjectReference(file:/Users/weiwang/JPL-WebService/climate-service/,root))),true,None)
Sending msg to client play-fork-run-d15395bd-377b-4bfe-8dc3-80e2c649e28b: TaskStarted(6,328,Some(AttributeKey[scala.collection.Seq[sbt.ModuleID]]("allDependencies") in Scope(Build: file:/Users/weiwang/JPL-WebService/climate-service/, , Project: ProjectReference(file:/Users/weiwang/JPL-WebService/climate-service/,root))))
Sending msg to client play-fork-run-d15395bd-377b-4bfe-8dc3-80e2c649e28b: TaskFinished(6,358,Some(AttributeKey[scala.collection.Seq[sbt.Attributed[java.io.File]]]("unmanagedJars") in Scope(Build: file:/Users/weiwang/JPL-WebService/climate-service/, , Project: ProjectReference(file:/Users/weiwang/JPL-WebService/climate-service/,root), Config: runtime)),true,None)
Sending msg to client play-fork-run-d15395bd-377b-4bfe-8dc3-80e2c649e28b: TaskFinished(6,362,Some(AttributeKey[scala.collection.Seq[sbt.Attributed[java.io.File]]]("unmanagedJars") in Scope(Build: file:/Users/weiwang/JPL-WebService/climate-service/, , Project: ProjectReference(file:/Users/weiwang/JPL-WebService/climate-service/,root), Config: compile)),true,None)
Sending msg to client play-fork-run-d15395bd-377b-4bfe-8dc3-80e2c649e28b: TaskStarted(6,369,None)
Sending msg to client play-fork-run-d15395bd-377b-4bfe-8dc3-80e2c649e28b: TaskFinished(6,367,None,true,None)
Sending msg to client play-fork-run-d15395bd-377b-4bfe-8dc3-80e2c649e28b: TaskFinished(6,319,Some(AttributeKey[scala.collection.immutable.Map[org.apache.ivy.core.module.id.ModuleRevisionId,org.apache.ivy.core.module.descriptor.ModuleDescriptor]]("projectDescriptors") in Scope(Build: file:/Users/weiwang/JPL-WebService/climate-service/, , Project: ProjectReference(file:/Users/weiwang/JPL-WebService/climate-service/,root))),true,None)
Sending msg to client play-fork-run-d15395bd-377b-4bfe-8dc3-80e2c649e28b: TaskStarted(6,318,Some(AttributeKey[sbt.Resolver]("projectResolver") in Scope(Build: file:/Users/weiwang/JPL-WebService/climate-service/, , Project: ProjectReference(file:/Users/weiwang/JPL-WebService/climate-service/,root))))
Sending msg to client play-fork-run-d15395bd-377b-4bfe-8dc3-80e2c649e28b: TaskFinished(6,328,Some(AttributeKey[scala.collection.Seq[sbt.ModuleID]]("allDependencies") in Scope(Build: file:/Users/weiwang/JPL-WebService/climate-service/, , Project: ProjectReference(file:/Users/weiwang/JPL-WebService/climate-service/,root))),true,None)
Sending msg to client play-fork-run-d15395bd-377b-4bfe-8dc3-80e2c649e28b: TaskStarted(6,327,Some(AttributeKey[sbt.ModuleSettings]("moduleSettings") in Scope(Build: file:/Users/weiwang/JPL-WebService/climate-service/, , Project: ProjectReference(file:/Users/weiwang/JPL-WebService/climate-service/,root))))
Sending msg to client play-fork-run-d15395bd-377b-4bfe-8dc3-80e2c649e28b: TaskFinished(6,369,None,true,None)
Sending msg to client play-fork-run-d15395bd-377b-4bfe-8dc3-80e2c649e28b: TaskFinished(6,365,None,true,None)
Sending msg to client play-fork-run-d15395bd-377b-4bfe-8dc3-80e2c649e28b: TaskStarted(6,361,Some(AttributeKey[scala.collection.Seq[sbt.Attributed[java.io.File]]]("unmanagedJars") in Scope(Build: file:/Users/weiwang/JPL-WebService/climate-service/, , Project: ProjectReference(file:/Users/weiwang/JPL-WebService/climate-service/,root), Config: compile)))
Sending msg to client play-fork-run-d15395bd-377b-4bfe-8dc3-80e2c649e28b: TaskFinished(6,318,Some(AttributeKey[sbt.Resolver]("projectResolver") in Scope(Build: file:/Users/weiwang/JPL-WebService/climate-service/, , Project: ProjectReference(file:/Users/weiwang/JPL-WebService/climate-service/,root))),true,None)
Sending msg to client play-fork-run-d15395bd-377b-4bfe-8dc3-80e2c649e28b: TaskStarted(6,317,Some(AttributeKey[scala.collection.Seq[sbt.Resolver]]("fullResolvers") in Scope(Build: file:/Users/weiwang/JPL-WebService/climate-service/, , Project: ProjectReference(file:/Users/weiwang/JPL-WebService/climate-service/,root))))
Sending msg to client play-fork-run-d15395bd-377b-4bfe-8dc3-80e2c649e28b: TaskFinished(6,327,Some(AttributeKey[sbt.ModuleSettings]("moduleSettings") in Scope(Build: file:/Users/weiwang/JPL-WebService/climate-service/, , Project: ProjectReference(file:/Users/weiwang/JPL-WebService/climate-service/,root))),true,None)
Sending msg to client play-fork-run-d15395bd-377b-4bfe-8dc3-80e2c649e28b: TaskFinished(6,361,Some(AttributeKey[scala.collection.Seq[sbt.Attributed[java.io.File]]]("unmanagedJars") in Scope(Build: file:/Users/weiwang/JPL-WebService/climate-service/, , Project: ProjectReference(file:/Users/weiwang/JPL-WebService/climate-service/,root), Config: compile)),true,None)
Sending msg to client play-fork-run-d15395bd-377b-4bfe-8dc3-80e2c649e28b: TaskStarted(6,357,None)
Sending msg to client play-fork-run-d15395bd-377b-4bfe-8dc3-80e2c649e28b: TaskFinished(6,317,Some(AttributeKey[scala.collection.Seq[sbt.Resolver]]("fullResolvers") in Scope(Build: file:/Users/weiwang/JPL-WebService/climate-service/, , Project: ProjectReference(file:/Users/weiwang/JPL-WebService/climate-service/,root))),true,None)
Sending msg to client play-fork-run-d15395bd-377b-4bfe-8dc3-80e2c649e28b: TaskStarted(6,316,Some(AttributeKey[sbt.IvyConfiguration]("ivyConfiguration") in Scope(Build: file:/Users/weiwang/JPL-WebService/climate-service/, , Project: ProjectReference(file:/Users/weiwang/JPL-WebService/climate-service/,root))))
Sending msg to client play-fork-run-d15395bd-377b-4bfe-8dc3-80e2c649e28b: TaskFinished(6,357,None,true,None)
Sending msg to client play-fork-run-d15395bd-377b-4bfe-8dc3-80e2c649e28b: TaskStarted(6,356,None)
Sending msg to client play-fork-run-d15395bd-377b-4bfe-8dc3-80e2c649e28b: TaskFinished(6,316,Some(AttributeKey[sbt.IvyConfiguration]("ivyConfiguration") in Scope(Build: file:/Users/weiwang/JPL-WebService/climate-service/, , Project: ProjectReference(file:/Users/weiwang/JPL-WebService/climate-service/,root))),true,None)
Sending msg to client play-fork-run-d15395bd-377b-4bfe-8dc3-80e2c649e28b: TaskStarted(6,313,Some(AttributeKey[sbt.IvySbt]("ivySbt") in Scope(Build: file:/Users/weiwang/JPL-WebService/climate-service/, , Project: ProjectReference(file:/Users/weiwang/JPL-WebService/climate-service/,root))))
Sending msg to client play-fork-run-d15395bd-377b-4bfe-8dc3-80e2c649e28b: TaskFinished(6,356,None,true,None)
Sending msg to client play-fork-run-d15395bd-377b-4bfe-8dc3-80e2c649e28b: TaskFinished(6,346,None,true,None)
Sending msg to client play-fork-run-d15395bd-377b-4bfe-8dc3-80e2c649e28b: TaskStarted(6,345,Some(AttributeKey[scala.collection.Seq[sbt.Attributed[java.io.File]]]("unmanagedClasspath") in Scope(Build: file:/Users/weiwang/JPL-WebService/climate-service/, , Project: ProjectReference(file:/Users/weiwang/JPL-WebService/climate-service/,root), Config: runtime)))
Sending msg to client play-fork-run-d15395bd-377b-4bfe-8dc3-80e2c649e28b: TaskFinished(6,313,Some(AttributeKey[sbt.IvySbt]("ivySbt") in Scope(Build: file:/Users/weiwang/JPL-WebService/climate-service/, , Project: ProjectReference(file:/Users/weiwang/JPL-WebService/climate-service/,root))),true,None)
Sending msg to client play-fork-run-d15395bd-377b-4bfe-8dc3-80e2c649e28b: TaskStarted(6,312,Some(AttributeKey[sbt.IvySbt$Module]("ivyModule") in Scope(Build: file:/Users/weiwang/JPL-WebService/climate-service/, , Project: ProjectReference(file:/Users/weiwang/JPL-WebService/climate-service/,root))))
Sending msg to client play-fork-run-d15395bd-377b-4bfe-8dc3-80e2c649e28b: TaskFinished(6,345,Some(AttributeKey[scala.collection.Seq[sbt.Attributed[java.io.File]]]("unmanagedClasspath") in Scope(Build: file:/Users/weiwang/JPL-WebService/climate-service/, , Project: ProjectReference(file:/Users/weiwang/JPL-WebService/climate-service/,root), Config: runtime)),true,None)
Sending msg to client play-fork-run-d15395bd-377b-4bfe-8dc3-80e2c649e28b: TaskFinished(6,312,Some(AttributeKey[sbt.IvySbt$Module]("ivyModule") in Scope(Build: file:/Users/weiwang/JPL-WebService/climate-service/, , Project: ProjectReference(file:/Users/weiwang/JPL-WebService/climate-service/,root))),true,None)
Sending msg to client play-fork-run-d15395bd-377b-4bfe-8dc3-80e2c649e28b: TaskStarted(6,311,Some(AttributeKey[sbt.UpdateReport]("update") in Scope(Build: file:/Users/weiwang/JPL-WebService/climate-service/, , Project: ProjectReference(file:/Users/weiwang/JPL-WebService/climate-service/,root))))
Sending msg to client play-fork-run-d15395bd-377b-4bfe-8dc3-80e2c649e28b: TaskFinished(6,311,Some(AttributeKey[sbt.UpdateReport]("update") in Scope(Build: file:/Users/weiwang/JPL-WebService/climate-service/, , Project: ProjectReference(file:/Users/weiwang/JPL-WebService/climate-service/,root))),true,None)
Sending msg to client play-fork-run-d15395bd-377b-4bfe-8dc3-80e2c649e28b: TaskStarted(6,309,Some(AttributeKey[sbt.UpdateReport]("update") in Scope(Build: file:/Users/weiwang/JPL-WebService/climate-service/, , Project: ProjectReference(file:/Users/weiwang/JPL-WebService/climate-service/,root))))
Sending msg to client play-fork-run-d15395bd-377b-4bfe-8dc3-80e2c649e28b: TaskFinished(6,309,Some(AttributeKey[sbt.UpdateReport]("update") in Scope(Build: file:/Users/weiwang/JPL-WebService/climate-service/, , Project: ProjectReference(file:/Users/weiwang/JPL-WebService/climate-service/,root))),true,None)
Sending msg to client play-fork-run-d15395bd-377b-4bfe-8dc3-80e2c649e28b: TaskStarted(6,307,Some(AttributeKey[sbt.Configuration]("classpathConfiguration") in Scope(Build: file:/Users/weiwang/JPL-WebService/climate-service/, , Project: ProjectReference(file:/Users/weiwang/JPL-WebService/climate-service/,root), Config: compile)))
Sending msg to client play-fork-run-d15395bd-377b-4bfe-8dc3-80e2c649e28b: TaskStarted(6,349,Some(AttributeKey[scala.collection.Seq[sbt.Attributed[java.io.File]]]("managedClasspath") in Scope(Build: file:/Users/weiwang/JPL-WebService/climate-service/, , Project: ProjectReference(file:/Users/weiwang/JPL-WebService/climate-service/,root), Config: docs)))
Sending msg to client play-fork-run-d15395bd-377b-4bfe-8dc3-80e2c649e28b: TaskFinished(6,307,Some(AttributeKey[sbt.Configuration]("classpathConfiguration") in Scope(Build: file:/Users/weiwang/JPL-WebService/climate-service/, , Project: ProjectReference(file:/Users/weiwang/JPL-WebService/climate-service/,root), Config: compile)),true,None)
Sending msg to client play-fork-run-d15395bd-377b-4bfe-8dc3-80e2c649e28b: TaskStarted(6,306,None)
Sending msg to client play-fork-run-d15395bd-377b-4bfe-8dc3-80e2c649e28b: TaskFinished(6,349,Some(AttributeKey[scala.collection.Seq[sbt.Attributed[java.io.File]]]("managedClasspath") in Scope(Build: file:/Users/weiwang/JPL-WebService/climate-service/, , Project: ProjectReference(file:/Users/weiwang/JPL-WebService/climate-service/,root), Config: docs)),true,None)
Sending msg to client play-fork-run-d15395bd-377b-4bfe-8dc3-80e2c649e28b: TaskFinished(6,306,None,true,None)
Sending msg to client play-fork-run-d15395bd-377b-4bfe-8dc3-80e2c649e28b: TaskStarted(6,305,Some(AttributeKey[sbt.Configuration]("classpathConfiguration") in Scope(Build: file:/Users/weiwang/JPL-WebService/climate-service/, , Project: ProjectReference(file:/Users/weiwang/JPL-WebService/climate-service/,root), Config: runtime)))
Sending msg to client play-fork-run-d15395bd-377b-4bfe-8dc3-80e2c649e28b: TaskFinished(6,305,Some(AttributeKey[sbt.Configuration]("classpathConfiguration") in Scope(Build: file:/Users/weiwang/JPL-WebService/climate-service/, , Project: ProjectReference(file:/Users/weiwang/JPL-WebService/climate-service/,root), Config: runtime)),true,None)
Sending msg to client play-fork-run-d15395bd-377b-4bfe-8dc3-80e2c649e28b: TaskStarted(6,304,None)
Sending msg to client play-fork-run-d15395bd-377b-4bfe-8dc3-80e2c649e28b: TaskFinished(6,304,None,true,None)
Sending msg to client play-fork-run-d15395bd-377b-4bfe-8dc3-80e2c649e28b: TaskStarted(6,301,Some(AttributeKey[scala.collection.Seq[sbt.Attributed[java.io.File]]]("managedClasspath") in Scope(Build: file:/Users/weiwang/JPL-WebService/climate-service/, , Project: ProjectReference(file:/Users/weiwang/JPL-WebService/climate-service/,root), Config: runtime)))
Sending msg to client play-fork-run-d15395bd-377b-4bfe-8dc3-80e2c649e28b: TaskFinished(6,301,Some(AttributeKey[scala.collection.Seq[sbt.Attributed[java.io.File]]]("managedClasspath") in Scope(Build: file:/Users/weiwang/JPL-WebService/climate-service/, , Project: ProjectReference(file:/Users/weiwang/JPL-WebService/climate-service/,root), Config: runtime)),true,None)
Sending msg to client play-fork-run-d15395bd-377b-4bfe-8dc3-80e2c649e28b: TaskStarted(6,300,None)
Sending msg to client play-fork-run-d15395bd-377b-4bfe-8dc3-80e2c649e28b: TaskFinished(6,300,None,true,None)
Sending msg to client play-fork-run-d15395bd-377b-4bfe-8dc3-80e2c649e28b: TaskStarted(6,299,Some(AttributeKey[scala.collection.Seq[sbt.Attributed[java.io.File]]]("playDependencyClasspath") in Scope(Build: file:/Users/weiwang/JPL-WebService/climate-service/, , Project: ProjectReference(file:/Users/weiwang/JPL-WebService/climate-service/,root))))
Sending msg to client play-fork-run-d15395bd-377b-4bfe-8dc3-80e2c649e28b: TaskFinished(6,299,Some(AttributeKey[scala.collection.Seq[sbt.Attributed[java.io.File]]]("playDependencyClasspath") in Scope(Build: file:/Users/weiwang/JPL-WebService/climate-service/, , Project: ProjectReference(file:/Users/weiwang/JPL-WebService/climate-service/,root))),true,None)
Sending msg to client play-fork-run-d15395bd-377b-4bfe-8dc3-80e2c649e28b: TaskStarted(6,297,Some(AttributeKey[play.forkrun.protocol.ForkConfig]("playForkConfig") in Scope(Build: file:/Users/weiwang/JPL-WebService/climate-service/, , Project: ProjectReference(file:/Users/weiwang/JPL-WebService/climate-service/,root))))
Sending msg to client play-fork-run-d15395bd-377b-4bfe-8dc3-80e2c649e28b: TaskFinished(6,297,Some(AttributeKey[play.forkrun.protocol.ForkConfig]("playForkConfig") in Scope(Build: file:/Users/weiwang/JPL-WebService/climate-service/, , Project: ProjectReference(file:/Users/weiwang/JPL-WebService/climate-service/,root))),true,None)
Sending msg to client play-fork-run-d15395bd-377b-4bfe-8dc3-80e2c649e28b: ValueChanged(AttributeKey[play.forkrun.protocol.ForkConfig]("playForkConfig") in Scope(Build: file:/Users/weiwang/JPL-WebService/climate-service/, , Project: ProjectReference(file:/Users/weiwang/JPL-WebService/climate-service/,root)),TaskSuccess(BuildValue(LazyValue(ForkConfig(/Users/weiwang/JPL-WebService/climate-service,List(),List(/Users/weiwang/.ivy2/cache/org.scala-lang/scala-library/jars/scala-library-2.11.4.jar, /Users/weiwang/.ivy2/cache/com.typesafe.play/twirl-api_2.11/jars/twirl-api_2.11-1.0.2.jar, /Users/weiwang/.ivy2/cache/org.apache.commons/commons-lang3/jars/commons-lang3-3.1.jar, /Users/weiwang/.ivy2/cache/org.scala-lang.modules/scala-xml_2.11/bundles/scala-xml_2.11-1.0.1.jar, /Users/weiwang/.ivy2/cache/com.typesafe.play/play_2.11/jars/play_2.11-2.3.10.jar, /Users/weiwang/.ivy2/cache/com.typesafe.play/build-link/jars/build-link-2.3.10.jar, /Users/weiwang/.ivy2/cache/com.typesafe.play/play-exceptions/jars/play-exceptions-2.3.10.jar, /Users/weiwang/.ivy2/cache/com.typesafe.play/play-iteratees_2.11/jars/play-iteratees_2.11-2.3.10.jar, /Users/weiwang/.ivy2/cache/org.scala-stm/scala-stm_2.11/jars/scala-stm_2.11-0.7.jar, /Users/weiwang/.ivy2/cache/com.typesafe/config/bundles/config-1.2.1.jar, /Users/weiwang/.ivy2/cache/com.typesafe.play/play-json_2.11/jars/play-json_2.11-2.3.10.jar, /Users/weiwang/.ivy2/cache/com.typesafe.play/play-functional_2.11/jars/play-functional_2.11-2.3.10.jar, /Users/weiwang/.ivy2/cache/com.typesafe.play/play-datacommons_2.11/jars/play-datacommons_2.11-2.3.10.jar, /Users/weiwang/.ivy2/cache/joda-time/joda-time/jars/joda-time-2.3.jar, /Users/weiwang/.ivy2/cache/org.joda/joda-convert/jars/joda-convert-1.6.jar, /Users/weiwang/.ivy2/cache/com.fasterxml.jackson.core/jackson-annotations/bundles/jackson-annotations-2.3.2.jar, /Users/weiwang/.ivy2/cache/com.fasterxml.jackson.core/jackson-core/bundles/jackson-core-2.3.2.jar, /Users/weiwang/.ivy2/cache/com.fasterxml.jackson.core/jackson-databind/bundles/jackson-databind-2.3.2.jar, /Users/weiwang/.ivy2/cache/org.scala-lang/scala-reflect/jars/scala-reflect-2.11.1.jar, /Users/weiwang/.ivy2/cache/org.scala-lang.modules/scala-parser-combinators_2.11/bundles/scala-parser-combinators_2.11-1.0.1.jar, /Users/weiwang/.ivy2/cache/io.netty/netty/bundles/netty-3.9.9.Final.jar, /Users/weiwang/.ivy2/cache/com.typesafe.netty/netty-http-pipelining/jars/netty-http-pipelining-1.1.2.jar, /Users/weiwang/.ivy2/cache/org.slf4j/jul-to-slf4j/jars/jul-to-slf4j-1.7.6.jar, /Users/weiwang/.ivy2/cache/ch.qos.logback/logback-core/jars/logback-core-1.1.1.jar, /Users/weiwang/.ivy2/cache/ch.qos.logback/logback-classic/jars/logback-classic-1.1.1.jar, /Users/weiwang/.ivy2/cache/com.typesafe.akka/akka-actor_2.11/jars/akka-actor_2.11-2.3.4.jar, /Users/weiwang/.ivy2/cache/com.typesafe.akka/akka-slf4j_2.11/jars/akka-slf4j_2.11-2.3.4.jar, /Users/weiwang/.ivy2/cache/commons-codec/commons-codec/jars/commons-codec-1.9.jar, /Users/weiwang/.ivy2/cache/xerces/xercesImpl/jars/xercesImpl-2.11.0.jar, /Users/weiwang/.ivy2/cache/xml-apis/xml-apis/jars/xml-apis-1.4.01.jar, /Users/weiwang/.ivy2/cache/javax.transaction/jta/jars/jta-1.1.jar, /Users/weiwang/.ivy2/cache/com.typesafe.play/play-java_2.11/jars/play-java_2.11-2.3.10.jar, /Users/weiwang/.ivy2/cache/org.yaml/snakeyaml/bundles/snakeyaml-1.13.jar, /Users/weiwang/.ivy2/cache/org.hibernate/hibernate-validator/jars/hibernate-validator-5.0.3.Final.jar, /Users/weiwang/.ivy2/cache/javax.validation/validation-api/jars/validation-api-1.1.0.Final.jar, /Users/weiwang/.ivy2/cache/com.fasterxml/classmate/bundles/classmate-1.0.0.jar, /Users/weiwang/.ivy2/cache/org.jboss.logging/jboss-logging/jars/jboss-logging-3.2.0.Final.jar, /Users/weiwang/.ivy2/cache/org.springframework/spring-context/jars/spring-context-4.1.4.RELEASE.jar, /Users/weiwang/.ivy2/cache/org.springframework/spring-aop/jars/spring-aop-4.1.4.RELEASE.jar, /Users/weiwang/.ivy2/cache/aopalliance/aopalliance/jars/aopalliance-1.0.jar, /Users/weiwang/.ivy2/cache/org.springframework/spring-beans/jars/spring-beans-4.1.4.RELEASE.jar, /Users/weiwang/.ivy2/cache/org.springframework/spring-core/jars/spring-core-4.1.4.RELEASE.jar, /Users/weiwang/.ivy2/cache/commons-logging/commons-logging/jars/commons-logging-1.2.jar, /Users/weiwang/.ivy2/cache/org.springframework/spring-expression/jars/spring-expression-4.1.4.RELEASE.jar, /Users/weiwang/.ivy2/cache/org.javassist/javassist/bundles/javassist-3.19.0-GA.jar, /Users/weiwang/.ivy2/cache/org.reflections/reflections/jars/reflections-0.9.8.jar, /Users/weiwang/.ivy2/cache/com.google.guava/guava/bundles/guava-16.0.1.jar, /Users/weiwang/.ivy2/cache/dom4j/dom4j/jars/dom4j-1.6.1.jar, /Users/weiwang/.ivy2/cache/com.google.code.findbugs/jsr305/jars/jsr305-2.0.3.jar, /Users/weiwang/.ivy2/cache/org.apache.tomcat/tomcat-servlet-api/jars/tomcat-servlet-api-8.0.5.jar, /Users/weiwang/.ivy2/cache/com.typesafe.play/play-java-jdbc_2.11/jars/play-java-jdbc_2.11-2.3.10.jar, /Users/weiwang/.ivy2/cache/com.typesafe.play/play-jdbc_2.11/jars/play-jdbc_2.11-2.3.10.jar, /Users/weiwang/.ivy2/cache/com.jolbox/bonecp/bundles/bonecp-0.8.0.RELEASE.jar, /Users/weiwang/.ivy2/cache/com.h2database/h2/jars/h2-1.3.175.jar, /Users/weiwang/.ivy2/cache/tyrex/tyrex/jars/tyrex-1.0.1.jar, /Users/weiwang/.ivy2/cache/com.typesafe.play/play-java-ebean_2.11/jars/play-java-ebean_2.11-2.3.10.jar, /Users/weiwang/.ivy2/cache/org.avaje.ebeanorm/avaje-ebeanorm/jars/avaje-ebeanorm-3.3.4.jar, /Users/weiwang/.ivy2/cache/org.avaje.ebeanorm/avaje-ebeanorm-agent/jars/avaje-ebeanorm-agent-3.2.2.jar, /Users/weiwang/.ivy2/cache/org.hibernate.javax.persistence/hibernate-jpa-2.0-api/jars/hibernate-jpa-2.0-api-1.0.1.Final.jar, /Users/weiwang/.ivy2/cache/com.typesafe.play/play-cache_2.11/jars/play-cache_2.11-2.3.10.jar, /Users/weiwang/.ivy2/cache/net.sf.ehcache/ehcache-core/jars/ehcache-core-2.6.8.jar, /Users/weiwang/.ivy2/cache/com.typesafe.play/play-java-ws_2.11/jars/play-java-ws_2.11-2.3.10.jar, /Users/weiwang/.ivy2/cache/com.typesafe.play/play-ws_2.11/jars/play-ws_2.11-2.3.10.jar, /Users/weiwang/.ivy2/cache/com.ning/async-http-client/jars/async-http-client-1.8.15.jar, /Users/weiwang/.ivy2/cache/oauth.signpost/signpost-core/jars/signpost-core-1.2.1.2.jar, /Users/weiwang/.ivy2/cache/oauth.signpost/signpost-commonshttp4/jars/signpost-commonshttp4-1.2.1.2.jar, /Users/weiwang/.ivy2/cache/org.apache.httpcomponents/httpcore/jars/httpcore-4.0.1.jar, /Users/weiwang/.ivy2/cache/org.apache.httpcomponents/httpclient/jars/httpclient-4.0.1.jar, /Users/weiwang/.ivy2/cache/com.typesafe.play/play-java-jpa_2.11/jars/play-java-jpa_2.11-2.3.10.jar, /Users/weiwang/.ivy2/cache/javax.inject/javax.inject/jars/javax.inject-1.jar, /Users/weiwang/.ivy2/cache/org.springframework.data/spring-data-jpa/jars/spring-data-jpa-1.7.1.RELEASE.jar, /Users/weiwang/.ivy2/cache/org.springframework.data/spring-data-commons/jars/spring-data-commons-1.9.1.RELEASE.jar, /Users/weiwang/.ivy2/cache/org.slf4j/slf4j-api/jars/slf4j-api-1.7.7.jar, /Users/weiwang/.ivy2/cache/org.springframework/spring-orm/jars/spring-orm-4.0.7.RELEASE.jar, /Users/weiwang/.ivy2/cache/org.springframework/spring-jdbc/jars/spring-jdbc-4.0.7.RELEASE.jar, /Users/weiwang/.ivy2/cache/org.springframework/spring-tx/jars/spring-tx-4.0.7.RELEASE.jar, /Users/weiwang/.ivy2/cache/org.aspectj/aspectjrt/jars/aspectjrt-1.8.2.jar, /Users/weiwang/.ivy2/cache/org.slf4j/jcl-over-slf4j/jars/jcl-over-slf4j-1.7.7.jar, /Users/weiwang/.ivy2/cache/org.hibernate/hibernate-entitymanager/jars/hibernate-entitymanager-4.3.7.Final.jar, /Users/weiwang/.ivy2/cache/org.jboss.logging/jboss-logging-annotations/jars/jboss-logging-annotations-1.2.0.Beta1.jar, /Users/weiwang/.ivy2/cache/org.hibernate/hibernate-core/jars/hibernate-core-4.3.7.Final.jar, /Users/weiwang/.ivy2/cache/org.jboss.spec.javax.transaction/jboss-transaction-api_1.2_spec/jars/jboss-transaction-api_1.2_spec-1.0.0.Final.jar, /Users/weiwang/.ivy2/cache/org.hibernate.common/hibernate-commons-annotations/jars/hibernate-commons-annotations-4.0.5.Final.jar, /Users/weiwang/.ivy2/cache/org.hibernate.javax.persistence/hibernate-jpa-2.1-api/jars/hibernate-jpa-2.1-api-1.0.0.Final.jar, /Users/weiwang/.ivy2/cache/antlr/antlr/jars/antlr-2.7.7.jar, /Users/weiwang/.ivy2/cache/org.jboss/jandex/jars/jandex-1.1.0.Final.jar, /Users/weiwang/.ivy2/cache/mysql/mysql-connector-java/jars/mysql-connector-java-5.1.34.jar),List((public/,/Users/weiwang/JPL-WebService/climate-service/target/web/public/main)),List(/Users/weiwang/.ivy2/cache/com.typesafe.play/play-docs_2.11/jars/play-docs_2.11-2.3.10.jar, /Users/weiwang/.ivy2/cache/org.scala-lang/scala-library/jars/scala-library-2.11.1.jar, /Users/weiwang/.ivy2/cache/com.typesafe.play/play_2.11/jars/play_2.11-2.3.10.jar, /Users/weiwang/.ivy2/cache/com.typesafe.play/build-link/jars/build-link-2.3.10.jar, /Users/weiwang/.ivy2/cache/com.typesafe.play/play-exceptions/jars/play-exceptions-2.3.10.jar, /Users/weiwang/.ivy2/cache/org.javassist/javassist/bundles/javassist-3.18.2-GA.jar, /Users/weiwang/.ivy2/cache/com.typesafe.play/play-iteratees_2.11/jars/play-iteratees_2.11-2.3.10.jar, /Users/weiwang/.ivy2/cache/org.scala-stm/scala-stm_2.11/jars/scala-stm_2.11-0.7.jar, /Users/weiwang/.ivy2/cache/com.typesafe/config/bundles/config-1.2.1.jar, /Users/weiwang/.ivy2/cache/com.typesafe.play/play-json_2.11/jars/play-json_2.11-2.3.10.jar, /Users/weiwang/.ivy2/cache/com.typesafe.play/play-functional_2.11/jars/play-functional_2.11-2.3.10.jar, /Users/weiwang/.ivy2/cache/com.typesafe.play/play-datacommons_2.11/jars/play-datacommons_2.11-2.3.10.jar, /Users/weiwang/.ivy2/cache/joda-time/joda-time/jars/joda-time-2.3.jar, /Users/weiwang/.ivy2/cache/org.joda/joda-convert/jars/joda-convert-1.6.jar, /Users/weiwang/.ivy2/cache/com.fasterxml.jackson.core/jackson-annotations/bundles/jackson-annotations-2.3.2.jar, /Users/weiwang/.ivy2/cache/com.fasterxml.jackson.core/jackson-core/bundles/jackson-core-2.3.2.jar, /Users/weiwang/.ivy2/cache/com.fasterxml.jackson.core/jackson-databind/bundles/jackson-databind-2.3.2.jar, /Users/weiwang/.ivy2/cache/org.scala-lang/scala-reflect/jars/scala-reflect-2.11.1.jar, /Users/weiwang/.ivy2/cache/com.typesafe.play/twirl-api_2.11/jars/twirl-api_2.11-1.0.2.jar, /Users/weiwang/.ivy2/cache/org.apache.commons/commons-lang3/jars/commons-lang3-3.1.jar, /Users/weiwang/.ivy2/cache/org.scala-lang.modules/scala-xml_2.11/bundles/scala-xml_2.11-1.0.1.jar, /Users/weiwang/.ivy2/cache/org.scala-lang.modules/scala-parser-combinators_2.11/bundles/scala-parser-combinators_2.11-1.0.1.jar, /Users/weiwang/.ivy2/cache/io.netty/netty/bundles/netty-3.9.9.Final.jar, /Users/weiwang/.ivy2/cache/com.typesafe.netty/netty-http-pipelining/jars/netty-http-pipelining-1.1.2.jar, /Users/weiwang/.ivy2/cache/org.slf4j/slf4j-api/jars/slf4j-api-1.7.6.jar, /Users/weiwang/.ivy2/cache/org.slf4j/jul-to-slf4j/jars/jul-to-slf4j-1.7.6.jar, /Users/weiwang/.ivy2/cache/org.slf4j/jcl-over-slf4j/jars/jcl-over-slf4j-1.7.6.jar, /Users/weiwang/.ivy2/cache/ch.qos.logback/logback-core/jars/logback-core-1.1.1.jar, /Users/weiwang/.ivy2/cache/ch.qos.logback/logback-classic/jars/logback-classic-1.1.1.jar, /Users/weiwang/.ivy2/cache/com.typesafe.akka/akka-actor_2.11/jars/akka-actor_2.11-2.3.4.jar, /Users/weiwang/.ivy2/cache/com.typesafe.akka/akka-slf4j_2.11/jars/akka-slf4j_2.11-2.3.4.jar, /Users/weiwang/.ivy2/cache/commons-codec/commons-codec/jars/commons-codec-1.9.jar, /Users/weiwang/.ivy2/cache/xerces/xercesImpl/jars/xercesImpl-2.11.0.jar, /Users/weiwang/.ivy2/cache/xml-apis/xml-apis/jars/xml-apis-1.4.01.jar, /Users/weiwang/.ivy2/cache/javax.transaction/jta/jars/jta-1.1.jar, /Users/weiwang/.ivy2/cache/com.typesafe.play/play-doc_2.11/jars/play-doc_2.11-1.1.0.jar, /Users/weiwang/.ivy2/cache/org.pegdown/pegdown/jars/pegdown-1.4.0.jar, /Users/weiwang/.ivy2/cache/org.parboiled/parboiled-java/bundles/parboiled-java-1.1.5.jar, /Users/weiwang/.ivy2/cache/org.parboiled/parboiled-core/bundles/parboiled-core-1.1.5.jar, /Users/weiwang/.ivy2/cache/org.ow2.asm/asm/jars/asm-4.1.jar, /Users/weiwang/.ivy2/cache/org.ow2.asm/asm-tree/jars/asm-tree-4.1.jar, /Users/weiwang/.ivy2/cache/org.ow2.asm/asm-analysis/jars/asm-analysis-4.1.jar, /Users/weiwang/.ivy2/cache/org.ow2.asm/asm-util/jars/asm-util-4.1.jar, /Users/weiwang/.ivy2/cache/commons-io/commons-io/jars/commons-io-2.4.jar),List(),9000,DefaultWatchService,List(/Users/weiwang/JPL-WebService/climate-service/app-2.11, /Users/weiwang/JPL-WebService/climate-service/app, /Users/weiwang/JPL-WebService/climate-service/conf, /Users/weiwang/JPL-WebService/climate-service/app/assets, /Users/weiwang/JPL-WebService/climate-service/public),/Users/weiwang/JPL-WebService/climate-service/target,500,root/playForkNotifyStart,root/playForkReload,300000),scala.pickling.PicklerUnpickler$DelegatingPicklerUnpickler@3fe738e6),ForkConfig(/Users/weiwang/JPL-WebService/climate-service,List(),List(/Users/weiwang/.ivy2/cache/org.scala-lang/scala-library/jars/scala-library-2.11.4.jar, /Users/weiwang/.ivy2/cache/com.typesafe.play/twirl-api_2.11/jars/twirl-api_2.11-1.0.2.jar, /Users/weiwang/.ivy2/cache/org.apache.commons/commons-lang3/jars/commons-lang3-3.1.jar, /Users/weiwang/.ivy2/cache/org.scala-lang.modules/scala-xml_2.11/bundles/scala-xml_2.11-1.0.1.jar, /Users/weiwang/.ivy2/cache/com.typesafe.play/play_2.11/jars/play_2.11-2.3.10.jar, /Users/weiwang/.ivy2/cache/com.typesafe.play/build-link/jars/build-link-2.3.10.jar, /Users/weiwang/.ivy2/cache/com.typesafe.play/play-exceptions/jars/play-exceptions-2.3.10.jar, /Users/weiwang/.ivy2/cache/com.typesafe.play/play-iteratees_2.11/jars/play-iteratees_2.11-2.3.10.jar, /Users/weiwang/.ivy2/cache/org.scala-stm/scala-stm_2.11/jars/scala-stm_2.11-0.7.jar, /Users/weiwang/.ivy2/cache/com.typesafe/config/bundles/config-1.2.1.jar, /Users/weiwang/.ivy2/cache/com.typesafe.play/play-json_2.11/jars/play-json_2.11-2.3.10.jar, /Users/weiwang/.ivy2/cache/com.typesafe.play/play-functional_2.11/jars/play-functional_2.11-2.3.10.jar, /Users/weiwang/.ivy2/cache/com.typesafe.play/play-datacommons_2.11/jars/play-datacommons_2.11-2.3.10.jar, /Users/weiwang/.ivy2/cache/joda-time/joda-time/jars/joda-time-2.3.jar, /Users/weiwang/.ivy2/cache/org.joda/joda-convert/jars/joda-convert-1.6.jar, /Users/weiwang/.ivy2/cache/com.fasterxml.jackson.core/jackson-annotations/bundles/jackson-annotations-2.3.2.jar, /Users/weiwang/.ivy2/cache/com.fasterxml.jackson.core/jackson-core/bundles/jackson-core-2.3.2.jar, /Users/weiwang/.ivy2/cache/com.fasterxml.jackson.core/jackson-databind/bundles/jackson-databind-2.3.2.jar, /Users/weiwang/.ivy2/cache/org.scala-lang/scala-reflect/jars/scala-reflect-2.11.1.jar, /Users/weiwang/.ivy2/cache/org.scala-lang.modules/scala-parser-combinators_2.11/bundles/scala-parser-combinators_2.11-1.0.1.jar, /Users/weiwang/.ivy2/cache/io.netty/netty/bundles/netty-3.9.9.Final.jar, /Users/weiwang/.ivy2/cache/com.typesafe.netty/netty-http-pipelining/jars/netty-http-pipelining-1.1.2.jar, /Users/weiwang/.ivy2/cache/org.slf4j/jul-to-slf4j/jars/jul-to-slf4j-1.7.6.jar, /Users/weiwang/.ivy2/cache/ch.qos.logback/logback-core/jars/logback-core-1.1.1.jar, /Users/weiwang/.ivy2/cache/ch.qos.logback/logback-classic/jars/logback-classic-1.1.1.jar, /Users/weiwang/.ivy2/cache/com.typesafe.akka/akka-actor_2.11/jars/akka-actor_2.11-2.3.4.jar, /Users/weiwang/.ivy2/cache/com.typesafe.akka/akka-slf4j_2.11/jars/akka-slf4j_2.11-2.3.4.jar, /Users/weiwang/.ivy2/cache/commons-codec/commons-codec/jars/commons-codec-1.9.jar, /Users/weiwang/.ivy2/cache/xerces/xercesImpl/jars/xercesImpl-2.11.0.jar, /Users/weiwang/.ivy2/cache/xml-apis/xml-apis/jars/xml-apis-1.4.01.jar, /Users/weiwang/.ivy2/cache/javax.transaction/jta/jars/jta-1.1.jar, /Users/weiwang/.ivy2/cache/com.typesafe.play/play-java_2.11/jars/play-java_2.11-2.3.10.jar, /Users/weiwang/.ivy2/cache/org.yaml/snakeyaml/bundles/snakeyaml-1.13.jar, /Users/weiwang/.ivy2/cache/org.hibernate/hibernate-validator/jars/hibernate-validator-5.0.3.Final.jar, /Users/weiwang/.ivy2/cache/javax.validation/validation-api/jars/validation-api-1.1.0.Final.jar, /Users/weiwang/.ivy2/cache/com.fasterxml/classmate/bundles/classmate-1.0.0.jar, /Users/weiwang/.ivy2/cache/org.jboss.logging/jboss-logging/jars/jboss-logging-3.2.0.Final.jar, /Users/weiwang/.ivy2/cache/org.springframework/spring-context/jars/spring-context-4.1.4.RELEASE.jar, /Users/weiwang/.ivy2/cache/org.springframework/spring-aop/jars/spring-aop-4.1.4.RELEASE.jar, /Users/weiwang/.ivy2/cache/aopalliance/aopalliance/jars/aopalliance-1.0.jar, /Users/weiwang/.ivy2/cache/org.springframework/spring-beans/jars/spring-beans-4.1.4.RELEASE.jar, /Users/weiwang/.ivy2/cache/org.springframework/spring-core/jars/spring-core-4.1.4.RELEASE.jar, /Users/weiwang/.ivy2/cache/commons-logging/commons-logging/jars/commons-logging-1.2.jar, /Users/weiwang/.ivy2/cache/org.springframework/spring-expression/jars/spring-expression-4.1.4.RELEASE.jar, /Users/weiwang/.ivy2/cache/org.javassist/javassist/bundles/javassist-3.19.0-GA.jar, /Users/weiwang/.ivy2/cache/org.reflections/reflections/jars/reflections-0.9.8.jar, /Users/weiwang/.ivy2/cache/com.google.guava/guava/bundles/guava-16.0.1.jar, /Users/weiwang/.ivy2/cache/dom4j/dom4j/jars/dom4j-1.6.1.jar, /Users/weiwang/.ivy2/cache/com.google.code.findbugs/jsr305/jars/jsr305-2.0.3.jar, /Users/weiwang/.ivy2/cache/org.apache.tomcat/tomcat-servlet-api/jars/tomcat-servlet-api-8.0.5.jar, /Users/weiwang/.ivy2/cache/com.typesafe.play/play-java-jdbc_2.11/jars/play-java-jdbc_2.11-2.3.10.jar, /Users/weiwang/.ivy2/cache/com.typesafe.play/play-jdbc_2.11/jars/play-jdbc_2.11-2.3.10.jar, /Users/weiwang/.ivy2/cache/com.jolbox/bonecp/bundles/bonecp-0.8.0.RELEASE.jar, /Users/weiwang/.ivy2/cache/com.h2database/h2/jars/h2-1.3.175.jar, /Users/weiwang/.ivy2/cache/tyrex/tyrex/jars/tyrex-1.0.1.jar, /Users/weiwang/.ivy2/cache/com.typesafe.play/play-java-ebean_2.11/jars/play-java-ebean_2.11-2.3.10.jar, /Users/weiwang/.ivy2/cache/org.avaje.ebeanorm/avaje-ebeanorm/jars/avaje-ebeanorm-3.3.4.jar, /Users/weiwang/.ivy2/cache/org.avaje.ebeanorm/avaje-ebeanorm-agent/jars/avaje-ebeanorm-agent-3.2.2.jar, /Users/weiwang/.ivy2/cache/org.hibernate.javax.persistence/hibernate-jpa-2.0-api/jars/hibernate-jpa-2.0-api-1.0.1.Final.jar, /Users/weiwang/.ivy2/cache/com.typesafe.play/play-cache_2.11/jars/play-cache_2.11-2.3.10.jar, /Users/weiwang/.ivy2/cache/net.sf.ehcache/ehcache-core/jars/ehcache-core-2.6.8.jar, /Users/weiwang/.ivy2/cache/com.typesafe.play/play-java-ws_2.11/jars/play-java-ws_2.11-2.3.10.jar, /Users/weiwang/.ivy2/cache/com.typesafe.play/play-ws_2.11/jars/play-ws_2.11-2.3.10.jar, /Users/weiwang/.ivy2/cache/com.ning/async-http-client/jars/async-http-client-1.8.15.jar, /Users/weiwang/.ivy2/cache/oauth.signpost/signpost-core/jars/signpost-core-1.2.1.2.jar, /Users/weiwang/.ivy2/cache/oauth.signpost/signpost-commonshttp4/jars/signpost-commonshttp4-1.2.1.2.jar, /Users/weiwang/.ivy2/cache/org.apache.httpcomponents/httpcore/jars/httpcore-4.0.1.jar, /Users/weiwang/.ivy2/cache/org.apache.httpcomponents/httpclient/jars/httpclient-4.0.1.jar, /Users/weiwang/.ivy2/cache/com.typesafe.play/play-java-jpa_2.11/jars/play-java-jpa_2.11-2.3.10.jar, /Users/weiwang/.ivy2/cache/javax.inject/javax.inject/jars/javax.inject-1.jar, /Users/weiwang/.ivy2/cache/org.springframework.data/spring-data-jpa/jars/spring-data-jpa-1.7.1.RELEASE.jar, /Users/weiwang/.ivy2/cache/org.springframework.data/spring-data-commons/jars/spring-data-commons-1.9.1.RELEASE.jar, /Users/weiwang/.ivy2/cache/org.slf4j/slf4j-api/jars/slf4j-api-1.7.7.jar, /Users/weiwang/.ivy2/cache/org.springframework/spring-orm/jars/spring-orm-4.0.7.RELEASE.jar, /Users/weiwang/.ivy2/cache/org.springframework/spring-jdbc/jars/spring-jdbc-4.0.7.RELEASE.jar, /Users/weiwang/.ivy2/cache/org.springframework/spring-tx/jars/spring-tx-4.0.7.RELEASE.jar, /Users/weiwang/.ivy2/cache/org.aspectj/aspectjrt/jars/aspectjrt-1.8.2.jar, /Users/weiwang/.ivy2/cache/org.slf4j/jcl-over-slf4j/jars/jcl-over-slf4j-1.7.7.jar, /Users/weiwang/.ivy2/cache/org.hibernate/hibernate-entitymanager/jars/hibernate-entitymanager-4.3.7.Final.jar, /Users/weiwang/.ivy2/cache/org.jboss.logging/jboss-logging-annotations/jars/jboss-logging-annotations-1.2.0.Beta1.jar, /Users/weiwang/.ivy2/cache/org.hibernate/hibernate-core/jars/hibernate-core-4.3.7.Final.jar, /Users/weiwang/.ivy2/cache/org.jboss.spec.javax.transaction/jboss-transaction-api_1.2_spec/jars/jboss-transaction-api_1.2_spec-1.0.0.Final.jar, /Users/weiwang/.ivy2/cache/org.hibernate.common/hibernate-commons-annotations/jars/hibernate-commons-annotations-4.0.5.Final.jar, /Users/weiwang/.ivy2/cache/org.hibernate.javax.persistence/hibernate-jpa-2.1-api/jars/hibernate-jpa-2.1-api-1.0.0.Final.jar, /Users/weiwang/.ivy2/cache/antlr/antlr/jars/antlr-2.7.7.jar, /Users/weiwang/.ivy2/cache/org.jboss/jandex/jars/jandex-1.1.0.Final.jar, /Users/weiwang/.ivy2/cache/mysql/mysql-connector-java/jars/mysql-connector-java-5.1.34.jar),List((public/,/Users/weiwang/JPL-WebService/climate-service/target/web/public/main)),List(/Users/weiwang/.ivy2/cache/com.typesafe.play/play-docs_2.11/jars/play-docs_2.11-2.3.10.jar, /Users/weiwang/.ivy2/cache/org.scala-lang/scala-library/jars/scala-library-2.11.1.jar, /Users/weiwang/.ivy2/cache/com.typesafe.play/play_2.11/jars/play_2.11-2.3.10.jar, /Users/weiwang/.ivy2/cache/com.typesafe.play/build-link/jars/build-link-2.3.10.jar, /Users/weiwang/.ivy2/cache/com.typesafe.play/play-exceptions/jars/play-exceptions-2.3.10.jar, /Users/weiwang/.ivy2/cache/org.javassist/javassist/bundles/javassist-3.18.2-GA.jar, /Users/weiwang/.ivy2/cache/com.typesafe.play/play-iteratees_2.11/jars/play-iteratees_2.11-2.3.10.jar, /Users/weiwang/.ivy2/cache/org.scala-stm/scala-stm_2.11/jars/scala-stm_2.11-0.7.jar, /Users/weiwang/.ivy2/cache/com.typesafe/config/bundles/config-1.2.1.jar, /Users/weiwang/.ivy2/cache/com.typesafe.play/play-json_2.11/jars/play-json_2.11-2.3.10.jar, /Users/weiwang/.ivy2/cache/com.typesafe.play/play-functional_2.11/jars/play-functional_2.11-2.3.10.jar, /Users/weiwang/.ivy2/cache/com.typesafe.play/play-datacommons_2.11/jars/play-datacommons_2.11-2.3.10.jar, /Users/weiwang/.ivy2/cache/joda-time/joda-time/jars/joda-time-2.3.jar, /Users/weiwang/.ivy2/cache/org.joda/joda-convert/jars/joda-convert-1.6.jar, /Users/weiwang/.ivy2/cache/com.fasterxml.jackson.core/jackson-annotations/bundles/jackson-annotations-2.3.2.jar, /Users/weiwang/.ivy2/cache/com.fasterxml.jackson.core/jackson-core/bundles/jackson-core-2.3.2.jar, /Users/weiwang/.ivy2/cache/com.fasterxml.jackson.core/jackson-databind/bundles/jackson-databind-2.3.2.jar, /Users/weiwang/.ivy2/cache/org.scala-lang/scala-reflect/jars/scala-reflect-2.11.1.jar, /Users/weiwang/.ivy2/cache/com.typesafe.play/twirl-api_2.11/jars/twirl-api_2.11-1.0.2.jar, /Users/weiwang/.ivy2/cache/org.apache.commons/commons-lang3/jars/commons-lang3-3.1.jar, /Users/weiwang/.ivy2/cache/org.scala-lang.modules/scala-xml_2.11/bundles/scala-xml_2.11-1.0.1.jar, /Users/weiwang/.ivy2/cache/org.scala-lang.modules/scala-parser-combinators_2.11/bundles/scala-parser-combinators_2.11-1.0.1.jar, /Users/weiwang/.ivy2/cache/io.netty/netty/bundles/netty-3.9.9.Final.jar, /Users/weiwang/.ivy2/cache/com.typesafe.netty/netty-http-pipelining/jars/netty-http-pipelining-1.1.2.jar, /Users/weiwang/.ivy2/cache/org.slf4j/slf4j-api/jars/slf4j-api-1.7.6.jar, /Users/weiwang/.ivy2/cache/org.slf4j/jul-to-slf4j/jars/jul-to-slf4j-1.7.6.jar, /Users/weiwang/.ivy2/cache/org.slf4j/jcl-over-slf4j/jars/jcl-over-slf4j-1.7.6.jar, /Users/weiwang/.ivy2/cache/ch.qos.logback/logback-core/jars/logback-core-1.1.1.jar, /Users/weiwang/.ivy2/cache/ch.qos.logback/logback-classic/jars/logback-classic-1.1.1.jar, /Users/weiwang/.ivy2/cache/com.typesafe.akka/akka-actor_2.11/jars/akka-actor_2.11-2.3.4.jar, /Users/weiwang/.ivy2/cache/com.typesafe.akka/akka-slf4j_2.11/jars/akka-slf4j_2.11-2.3.4.jar, /Users/weiwang/.ivy2/cache/commons-codec/commons-codec/jars/commons-codec-1.9.jar, /Users/weiwang/.ivy2/cache/xerces/xercesImpl/jars/xercesImpl-2.11.0.jar, /Users/weiwang/.ivy2/cache/xml-apis/xml-apis/jars/xml-apis-1.4.01.jar, /Users/weiwang/.ivy2/cache/javax.transaction/jta/jars/jta-1.1.jar, /Users/weiwang/.ivy2/cache/com.typesafe.play/play-doc_2.11/jars/play-doc_2.11-1.1.0.jar, /Users/weiwang/.ivy2/cache/org.pegdown/pegdown/jars/pegdown-1.4.0.jar, /Users/weiwang/.ivy2/cache/org.parboiled/parboiled-java/bundles/parboiled-java-1.1.5.jar, /Users/weiwang/.ivy2/cache/org.parboiled/parboiled-core/bundles/parboiled-core-1.1.5.jar, /Users/weiwang/.ivy2/cache/org.ow2.asm/asm/jars/asm-4.1.jar, /Users/weiwang/.ivy2/cache/org.ow2.asm/asm-tree/jars/asm-tree-4.1.jar, /Users/weiwang/.ivy2/cache/org.ow2.asm/asm-analysis/jars/asm-analysis-4.1.jar, /Users/weiwang/.ivy2/cache/org.ow2.asm/asm-util/jars/asm-util-4.1.jar, /Users/weiwang/.ivy2/cache/commons-io/commons-io/jars/commons-io-2.4.jar),List(),9000,DefaultWatchService,List(/Users/weiwang/JPL-WebService/climate-service/app-2.11, /Users/weiwang/JPL-WebService/climate-service/app, /Users/weiwang/JPL-WebService/climate-service/conf, /Users/weiwang/JPL-WebService/climate-service/app/assets, /Users/weiwang/JPL-WebService/climate-service/public),/Users/weiwang/JPL-WebService/climate-service/target,500,root/playForkNotifyStart,root/playForkReload,300000))))
Sending msg to client play-fork-run-d15395bd-377b-4bfe-8dc3-80e2c649e28b: TaskStarted(6,296,None)
Sending msg to client play-fork-run-d15395bd-377b-4bfe-8dc3-80e2c649e28b: TaskFinished(6,296,None,true,None)
Sending msg to client play-fork-run-d15395bd-377b-4bfe-8dc3-80e2c649e28b: TaskStarted(6,295,None)
Sending msg to client play-fork-run-d15395bd-377b-4bfe-8dc3-80e2c649e28b: TaskFinished(6,295,None,true,None)
Sending msg to client play-fork-run-d15395bd-377b-4bfe-8dc3-80e2c649e28b: DetachedLogEvent(LogMessage(debug,cancel strategy finish enabled=false lastCommand=Some(LastCommand(CommandExecutionWork(ExecutionId(6),{file:/Users/weiwang/JPL-WebService/climate-service/}root/*:playForkConfig,Set(LiveClient(play-fork-run d15395bd-377b-4bfe-8dc3-80e2c649e28b)),sbt.server.WorkCancellationStatus$$anon$1@49e2e147)))))
Sending msg to client play-fork-run-d15395bd-377b-4bfe-8dc3-80e2c649e28b: DetachedLogEvent(LogSuccess(Total time: 0 s, completed Feb 19, 2016 3:15:45 PM))
Sending msg to client play-fork-run-d15395bd-377b-4bfe-8dc3-80e2c649e28b: DetachedLogEvent(LogMessage(debug,> server-post-command-cleanup))
Sending msg to client play-fork-run-d15395bd-377b-4bfe-8dc3-80e2c649e28b: ExecutionSuccess(6)
Sending msg to client play-fork-run-d15395bd-377b-4bfe-8dc3-80e2c649e28b: DetachedLogEvent(LogMessage(debug,> server-handle-next-server-request))
Sending msg to client play-fork-run-d15395bd-377b-4bfe-8dc3-80e2c649e28b: BackgroundJobLogEvent(1,LogMessage(info,))
Sending msg to client play-fork-run-d15395bd-377b-4bfe-8dc3-80e2c649e28b: BackgroundJobLogEvent(1,LogMessage(info,[35m--- (Running the application, auto-reloading is enabled) ---[0m))
Sending msg to client play-fork-run-d15395bd-377b-4bfe-8dc3-80e2c649e28b: BackgroundJobLogEvent(1,LogMessage(info,))
Sending msg to client play-fork-run-d15395bd-377b-4bfe-8dc3-80e2c649e28b: BackgroundJobLogEvent(1,LogMessage(info,play - Listening for HTTP on /0:0:0:0:0:0:0:0:9000))
Sending msg to client play-fork-run-d15395bd-377b-4bfe-8dc3-80e2c649e28b: BackgroundJobLogEvent(1,LogMessage(info,))
Got request: ExecutionRequest(root/playForkNotifyStart http://localhost:9000)
Reading next message from client.
Sending msg to client play-fork-run-d15395bd-377b-4bfe-8dc3-80e2c649e28b: (8,ExecutionRequestReceived(7))
Sending msg to client play-fork-run-d15395bd-377b-4bfe-8dc3-80e2c649e28b: ExecutionWaiting(7,root/playForkNotifyStart http://localhost:9000,ClientInfo(d15395bd-377b-4bfe-8dc3-80e2c649e28b,play-fork-run,Play Fork Run,1,Vector()))
Sending msg to client play-fork-run-d15395bd-377b-4bfe-8dc3-80e2c649e28b: ExecutionStarting(7)
Sending msg to client play-fork-run-d15395bd-377b-4bfe-8dc3-80e2c649e28b: DetachedLogEvent(LogMessage(debug,> root/playForkNotifyStart http://localhost:9000))
Sending msg to client play-fork-run-d15395bd-377b-4bfe-8dc3-80e2c649e28b: BackgroundJobLogEvent(1,LogMessage(info,[32m(Server started, use Ctrl+D to stop and go back to the console...)[0m))
Sending msg to client play-fork-run-d15395bd-377b-4bfe-8dc3-80e2c649e28b: BackgroundJobLogEvent(1,LogMessage(info,))
Sending msg to client play-fork-run-d15395bd-377b-4bfe-8dc3-80e2c649e28b: DetachedLogEvent(LogMessage(debug,Evaluating tasks: *:playForkNotifyStart))
Sending msg to client play-fork-run-d15395bd-377b-4bfe-8dc3-80e2c649e28b: DetachedLogEvent(LogMessage(debug,Running task... Cancel: sbt.server.ServerTaskCancellation@4109513c, check cycles: false))
Sending msg to client play-fork-run-d15395bd-377b-4bfe-8dc3-80e2c649e28b: DetachedLogEvent(LogMessage(debug,cancel strategy start enabled=true lastCommand=Some(LastCommand(CommandExecutionWork(ExecutionId(7),root/playForkNotifyStart http://localhost:9000,Set(LiveClient(play-fork-run d15395bd-377b-4bfe-8dc3-80e2c649e28b)),sbt.server.WorkCancellationStatus$$anon$1@353cc137)))))
Sending msg to client play-fork-run-d15395bd-377b-4bfe-8dc3-80e2c649e28b: TaskStarted(7,374,Some(AttributeKey[sbt.SendEventService]("sendEventService") in Scope(Global)))
Sending msg to client play-fork-run-d15395bd-377b-4bfe-8dc3-80e2c649e28b: TaskFinished(7,374,Some(AttributeKey[sbt.SendEventService]("sendEventService") in Scope(Global)),true,None)
Sending msg to client play-fork-run-d15395bd-377b-4bfe-8dc3-80e2c649e28b: TaskStarted(7,373,Some(AttributeKey[scala.Function1[java.lang.String,void]]("playForkStarted") in Scope(Build: file:/Users/weiwang/JPL-WebService/climate-service/, , Project: ProjectReference(file:/Users/weiwang/JPL-WebService/climate-service/,root))))
Sending msg to client play-fork-run-d15395bd-377b-4bfe-8dc3-80e2c649e28b: TaskFinished(7,373,Some(AttributeKey[scala.Function1[java.lang.String,void]]("playForkStarted") in Scope(Build: file:/Users/weiwang/JPL-WebService/climate-service/, , Project: ProjectReference(file:/Users/weiwang/JPL-WebService/climate-service/,root))),true,None)
Sending msg to client play-fork-run-d15395bd-377b-4bfe-8dc3-80e2c649e28b: TaskStarted(7,372,Some(AttributeKey[void]("playForkNotifyStart") in Scope(Build: file:/Users/weiwang/JPL-WebService/climate-service/, , Project: ProjectReference(file:/Users/weiwang/JPL-WebService/climate-service/,root))))
Sending msg to client play-fork-run-d15395bd-377b-4bfe-8dc3-80e2c649e28b: TaskEvent(372,LazyValue(PlayServerStarted(http://localhost:9000),play.forkrun.protocol.Serializers$PlayForkrunProtocolPlayServerStartedPickler1$2$@1ba8cfc3))
Sending msg to client play-fork-run-d15395bd-377b-4bfe-8dc3-80e2c649e28b: TaskFinished(7,372,Some(AttributeKey[void]("playForkNotifyStart") in Scope(Build: file:/Users/weiwang/JPL-WebService/climate-service/, , Project: ProjectReference(file:/Users/weiwang/JPL-WebService/climate-service/,root))),true,None)
Sending msg to client play-fork-run-d15395bd-377b-4bfe-8dc3-80e2c649e28b: TaskStarted(7,371,None)
Sending msg to client play-fork-run-d15395bd-377b-4bfe-8dc3-80e2c649e28b: TaskFinished(7,371,None,true,None)
Sending msg to client play-fork-run-d15395bd-377b-4bfe-8dc3-80e2c649e28b: TaskStarted(7,370,None)
Sending msg to client play-fork-run-d15395bd-377b-4bfe-8dc3-80e2c649e28b: TaskFinished(7,370,None,true,None)
Sending msg to client play-fork-run-d15395bd-377b-4bfe-8dc3-80e2c649e28b: DetachedLogEvent(LogMessage(debug,cancel strategy finish enabled=false lastCommand=Some(LastCommand(CommandExecutionWork(ExecutionId(7),root/playForkNotifyStart http://localhost:9000,Set(LiveClient(play-fork-run d15395bd-377b-4bfe-8dc3-80e2c649e28b)),sbt.server.WorkCancellationStatus$$anon$1@353cc137)))))
Sending msg to client play-fork-run-d15395bd-377b-4bfe-8dc3-80e2c649e28b: DetachedLogEvent(LogSuccess(Total time: 0 s, completed Feb 19, 2016 3:15:46 PM))
Sending msg to client play-fork-run-d15395bd-377b-4bfe-8dc3-80e2c649e28b: DetachedLogEvent(LogMessage(debug,> server-post-command-cleanup))
Sending msg to client play-fork-run-d15395bd-377b-4bfe-8dc3-80e2c649e28b: ExecutionSuccess(7)
Sending msg to client play-fork-run-d15395bd-377b-4bfe-8dc3-80e2c649e28b: DetachedLogEvent(LogMessage(debug,> server-handle-next-server-request))
Sending msg to client play-fork-run-d15395bd-377b-4bfe-8dc3-80e2c649e28b: ExecutionWaiting(8,jobStop 1,ClientInfo(1b682f49-d900-4bc1-9629-2af31228af75,activator,Activator,3,Vector()))
Sending msg to client play-fork-run-d15395bd-377b-4bfe-8dc3-80e2c649e28b: ExecutionStarting(8)
Sending msg to client play-fork-run-d15395bd-377b-4bfe-8dc3-80e2c649e28b: DetachedLogEvent(LogMessage(debug,> jobStop 1))
Sending msg to client play-fork-run-d15395bd-377b-4bfe-8dc3-80e2c649e28b: DetachedLogEvent(LogMessage(debug,Evaluating tasks: *:jobStop))
Sending msg to client play-fork-run-d15395bd-377b-4bfe-8dc3-80e2c649e28b: DetachedLogEvent(LogMessage(debug,Running task... Cancel: sbt.server.ServerTaskCancellation@5842602e, check cycles: false))
Sending msg to client play-fork-run-d15395bd-377b-4bfe-8dc3-80e2c649e28b: DetachedLogEvent(LogMessage(debug,cancel strategy start enabled=true lastCommand=Some(LastCommand(CommandExecutionWork(ExecutionId(8),jobStop 1,Set(LiveClient(activator 1b682f49-d900-4bc1-9629-2af31228af75)),sbt.server.WorkCancellationStatus$$anon$1@35c130)))))
Sending msg to client play-fork-run-d15395bd-377b-4bfe-8dc3-80e2c649e28b: TaskStarted(8,377,Some(AttributeKey[void]("jobStop") in Scope(Global)))
Sending msg to client play-fork-run-d15395bd-377b-4bfe-8dc3-80e2c649e28b: TaskFinished(8,377,Some(AttributeKey[void]("jobStop") in Scope(Global)),true,None)
Sending msg to client play-fork-run-d15395bd-377b-4bfe-8dc3-80e2c649e28b: TaskStarted(8,376,None)
Sending msg to client play-fork-run-d15395bd-377b-4bfe-8dc3-80e2c649e28b: BackgroundJobLogEvent(1,LogMessage(info,Stopping Play fork run ...))
Sending msg to client play-fork-run-d15395bd-377b-4bfe-8dc3-80e2c649e28b: TaskFinished(8,376,None,true,None)
Sending msg to client play-fork-run-d15395bd-377b-4bfe-8dc3-80e2c649e28b: TaskStarted(8,375,None)
Sending msg to client play-fork-run-d15395bd-377b-4bfe-8dc3-80e2c649e28b: TaskFinished(8,375,None,true,None)
Sending msg to client play-fork-run-d15395bd-377b-4bfe-8dc3-80e2c649e28b: DetachedLogEvent(LogMessage(debug,cancel strategy finish enabled=false lastCommand=Some(LastCommand(CommandExecutionWork(ExecutionId(8),jobStop 1,Set(LiveClient(activator 1b682f49-d900-4bc1-9629-2af31228af75)),sbt.server.WorkCancellationStatus$$anon$1@35c130)))))
Sending msg to client play-fork-run-d15395bd-377b-4bfe-8dc3-80e2c649e28b: DetachedLogEvent(LogSuccess(Total time: 0 s, completed Feb 19, 2016 3:16:05 PM))
Sending msg to client play-fork-run-d15395bd-377b-4bfe-8dc3-80e2c649e28b: DetachedLogEvent(LogMessage(debug,> server-post-command-cleanup))
Sending msg to client play-fork-run-d15395bd-377b-4bfe-8dc3-80e2c649e28b: ExecutionSuccess(8)
Sending msg to client play-fork-run-d15395bd-377b-4bfe-8dc3-80e2c649e28b: DetachedLogEvent(LogMessage(debug,> server-handle-next-server-request))
Got request: UnlistenToEvents()
Reading next message from client.
Sending msg to client play-fork-run-d15395bd-377b-4bfe-8dc3-80e2c649e28b: (9,ReceivedResponse())
Got request: UnlistenToValue(AttributeKey[play.forkrun.protocol.ForkConfig]("playForkConfig") in Scope(Build: file:/Users/weiwang/JPL-WebService/climate-service/, , Project: ProjectReference(file:/Users/weiwang/JPL-WebService/climate-service/,root)))
Reading next message from client.
Client play-fork-run-d15395bd-377b-4bfe-8dc3-80e2c649e28b EOF, shutting down.
Stopping client.
Dropping message (10,ReceivedResponse()) to dead client play-fork-run-d15395bd-377b-4bfe-8dc3-80e2c649e28b
Client play-fork-run-d15395bd-377b-4bfe-8dc3-80e2c649e28b thread exiting.
Dropping message (0,ReceivedResponse()) to dead client play-fork-run-d15395bd-377b-4bfe-8dc3-80e2c649e28b
